androidapp/proguard/seeds.txt
com.fanfou.app.ui.ActionBar
com.fanfou.app.ui.ActionBar: ActionBar(android.content.Context,android.util.AttributeSet)
com.fanfou.app.ui.widget.EndlessListView
com.fanfou.app.ui.widget.EndlessListView: EndlessListView(android.content.Context,android.util.AttributeSet)
com.fanfou.app.ui.widget.IconTabHost
com.fanfou.app.ui.widget.IconTabHost: IconTabHost(android.content.Context,android.util.AttributeSet)
com.fanfou.app.preferences.CheckUpdateDialogPreference
com.fanfou.app.preferences.CheckUpdateDialogPreference: CheckUpdateDialogPreference(android.content.Context,android.util.AttributeSet)
com.fanfou.app.preferences.DialogPreference: DialogPreference(android.content.Context,android.util.AttributeSet)
com.fanfou.app.ui.widget.NameAutoCompleteTextView
com.fanfou.app.ui.widget.NameAutoCompleteTextView: NameAutoCompleteTextView(android.content.Context,android.util.AttributeSet)
com.fanfou.app.ui.imagezoom.ImageViewTouch
com.fanfou.app.ui.imagezoom.ImageViewTouch: ImageViewTouch(android.content.Context,android.util.AttributeSet)
com.fanfou.app.ui.imagezoom.ImageViewTouchBase: ImageViewTouchBase(android.content.Context,android.util.AttributeSet)
com.fanfou.app.ui.widget.TitleFlowIndicator
com.fanfou.app.ui.widget.TitleFlowIndicator: TitleFlowIndicator(android.content.Context,android.util.AttributeSet)
com.fanfou.app.preferences.DialogPreference
com.fanfou.app.preferences.DialogPreference: DialogPreference(android.content.Context,android.util.AttributeSet)
com.fanfou.app.preferences.ClearDataDialogPreference
com.fanfou.app.preferences.ClearDataDialogPreference: ClearDataDialogPreference(android.content.Context,android.util.AttributeSet)
com.fanfou.app.preferences.DialogPreference: DialogPreference(android.content.Context,android.util.AttributeSet)
com.fanfou.app.ui.widget.CircleFlowIndicator
com.fanfou.app.ui.widget.CircleFlowIndicator: CircleFlowIndicator(android.content.Context,android.util.AttributeSet)
com.fanfou.app.ui.widget.RotateImageView
com.fanfou.app.ui.widget.RotateImageView: RotateImageView(android.content.Context,android.util.AttributeSet)
com.fanfou.app.preferences.ClearCacheDialogPreference
com.fanfou.app.preferences.ClearCacheDialogPreference: ClearCacheDialogPreference(android.content.Context,android.util.AttributeSet)
com.fanfou.app.preferences.DialogPreference: DialogPreference(android.content.Context,android.util.AttributeSet)
com.fanfou.app.ui.widget.PullToRefreshListView
com.fanfou.app.ui.widget.PullToRefreshListView: PullToRefreshListView(android.content.Context,android.util.AttributeSet)
com.fanfou.app.ui.widget.TwoDScrollView
com.fanfou.app.ui.widget.TwoDScrollView: TwoDScrollView(android.content.Context,android.util.AttributeSet)
com.fanfou.app.preferences.EmailDialogPreference
com.fanfou.app.preferences.EmailDialogPreference: EmailDialogPreference(android.content.Context,android.util.AttributeSet)
com.fanfou.app.ui.widget.ViewFlow
com.fanfou.app.ui.widget.ViewFlow: ViewFlow(android.content.Context,android.util.AttributeSet)
com.fanfou.app.preferences.LogoutDialogPreference
com.fanfou.app.preferences.LogoutDialogPreference: LogoutDialogPreference(android.content.Context,android.util.AttributeSet)
com.fanfou.app.preferences.DialogPreference: DialogPreference(android.content.Context,android.util.AttributeSet)
com.fanfou.app.ui.imagezoom.ImageViewTouchBase
com.fanfou.app.ui.imagezoom.ImageViewTouchBase: ImageViewTouchBase(android.content.Context,android.util.AttributeSet)
com.fanfou.app.preferences.CheckUpdateDialogPreference
com.fanfou.app.preferences.CheckUpdateDialogPreference: CheckUpdateDialogPreference(android.content.Context,android.util.AttributeSet,int)
com.fanfou.app.preferences.DialogPreference: DialogPreference(android.content.Context,android.util.AttributeSet,int)
com.fanfou.app.ui.widget.NameAutoCompleteTextView
com.fanfou.app.ui.widget.NameAutoCompleteTextView: NameAutoCompleteTextView(android.content.Context,android.util.AttributeSet,int)
...
org.acra.ReportingInteractionMode: org.acra.ReportingInteractionMode[] values()
org.acra.ReportingInteractionMode: org.acra.ReportingInteractionMode valueOf(java.lang.String)
org.apache.http.entity.mime.HttpMultipartMode: org.apache.http.entity.mime.HttpMultipartMode[] values()
org.apache.http.entity.mime.HttpMultipartMode: org.apache.http.entity.mime.HttpMultipartMode valueOf(java.lang.String)
org.acra.ReportField: org.acra.ReportField[] values()
org.acra.ReportField: org.acra.ReportField valueOf(java.lang.String)
org.acra.ACRA
org.acra.ACRA: boolean DEV_LOGGING
org.acra.ACRA: java.lang.String LOG_TAG
org.acra.ACRA: java.lang.String PREF_DISABLE_ACRA
org.acra.ACRA: java.lang.String PREF_ENABLE_ACRA
org.acra.ACRA: java.lang.String PREF_ENABLE_SYSTEM_LOGS
org.acra.ACRA: java.lang.String PREF_ENABLE_DEVICE_ID
org.acra.ACRA: java.lang.String PREF_USER_EMAIL_ADDRESS
org.acra.ACRA: java.lang.String PREF_ALWAYS_ACCEPT
org.acra.ACRA: android.app.Application mApplication
org.acra.ACRA: org.acra.annotation.ReportsCrashes mReportsCrashes
org.acra.ACRA: org.acra.ErrorReporter errorReporterSingleton
org.acra.ACRA: android.content.SharedPreferences$OnSharedPreferenceChangeListener mPrefListener
org.acra.ACRA: org.acra.ReportField[] DEFAULT_MAIL_REPORT_FIELDS
org.acra.ACRA: org.acra.ReportField[] DEFAULT_REPORT_FIELDS
org.acra.ACRA: java.lang.String NULL_VALUE
org.acra.ACRA: int[] $SWITCH_TABLE$org$acra$ReportingInteractionMode
org.acra.ACRA: void <clinit>()
org.acra.ACRA: ACRA()
org.acra.ACRA: void init(android.app.Application)
org.acra.ACRA: org.acra.ErrorReporter getErrorReporter()
org.acra.ACRA: void addReportSenders(org.acra.ErrorReporter)
org.acra.ACRA: boolean shouldDisableACRA(android.content.SharedPreferences)
org.acra.ACRA: void checkCrashResources()
org.acra.ACRA: android.content.SharedPreferences getACRASharedPreferences()
org.acra.ACRA: org.acra.annotation.ReportsCrashes getConfig()
org.acra.ACRA: boolean access$0(android.content.SharedPreferences)
org.acra.ReportingInteractionMode
org.acra.ReportingInteractionMode: org.acra.ReportingInteractionMode SILENT
org.acra.ReportingInteractionMode: org.acra.ReportingInteractionMode NOTIFICATION
org.acra.ReportingInteractionMode: org.acra.ReportingInteractionMode TOAST
org.acra.ReportingInteractionMode: org.acra.ReportingInteractionMode[] ENUM$VALUES
org.acra.ReportingInteractionMode: void <clinit>()
org.acra.ReportingInteractionMode: ReportingInteractionMode(java.lang.String,int)
org.acra.ReportingInteractionMode: org.acra.ReportingInteractionMode[] values()
org.acra.ReportingInteractionMode: org.acra.ReportingInteractionMode valueOf(java.lang.String)
org.acra.ErrorReporter
org.acra.ErrorReporter: void addCustomData(java.lang.String,java.lang.String)
org.acra.ErrorReporter
com.google.android.apps.analytics.AnalyticsReceiver