androidapp/proguard/mapping.txt
com.fanfou.app.AboutPage -> com.fanfou.app.AboutPage:
    com.fanfou.app.ui.ActionBar mActionBar -> a
    android.widget.TextView mTitle -> b
    android.widget.TextView mVersion -> d
    android.widget.TextView mIntroduction -> e
    android.widget.TextView mSupport -> f
    android.widget.TextView mSupportText -> g
    android.widget.TextView mContact -> h
    android.widget.TextView mContactText -> i
    android.widget.TextView mCopyright -> j
    52:54:void onCreate(android.os.Bundle) -> onCreate
    91:92:void onResume() -> onResume
    96:97:void onPause() -> onPause
    101:102:void onDestroy() -> onDestroy
com.fanfou.app.App -> com.fanfou.app.App:
    java.util.concurrent.ThreadFactory sThreadFactory -> t
    java.util.concurrent.ExecutorService executor -> a
    com.fanfou.app.App me -> b
    com.fanfou.app.cache.ImageLoader imageLoader -> c
    org.apache.http.impl.client.DefaultHttpClient client -> d
    float density -> e
    boolean verified -> f
    boolean isLogin -> g
    boolean autoComplete -> h
    boolean connected -> i
    com.fanfou.app.api.User user -> j
    java.lang.String userId -> k
    java.lang.String password -> l
    java.lang.String userScreenName -> m
    java.lang.String userProfileImage -> u
    java.lang.String oauthAccessToken -> n
    java.lang.String oauthAccessTokenSecret -> o
    int appVersionCode -> p
    java.lang.String appVersionName -> q
    com.fanfou.app.http.NetworkState networkState -> v
    android.content.SharedPreferences sp -> r
    com.fanfou.app.api.Api api -> s
    119:137:void onCreate() -> onCreate
    249:257:void updateUserInfo(com.fanfou.app.api.User) -> a
com.fanfou.app.App$1 -> com.fanfou.app.f:
    java.util.concurrent.atomic.AtomicInteger mCount -> a
    81:81:java.lang.Thread newThread(java.lang.Runnable) -> newThread
com.fanfou.app.App$2 -> com.fanfou.app.g:
    com.fanfou.app.App this$0 -> a
    215:222:void run() -> run
com.fanfou.app.App$3 -> com.fanfou.app.h:
    com.fanfou.app.App this$0 -> a
    235:236:void run() -> run
com.fanfou.app.App$4 -> com.fanfou.app.i:
    com.fanfou.app.App this$0 -> a
    263:263:int getMaxForRoute(org.apache.http.conn.routing.HttpRoute) -> getMaxForRoute
com.fanfou.app.BaseActivity -> com.fanfou.app.BaseActivity:
    android.app.Activity mContext -> c
    android.view.LayoutInflater mInflater -> a
    boolean isActive -> b
    android.view.MenuItem option -> d
    android.view.MenuItem profile -> e
    android.view.MenuItem search -> f
    android.view.MenuItem logout -> g
    android.view.MenuItem about -> h
    android.view.MenuItem feedback -> i
    android.view.MenuItem home -> j
    38:42:void onCreate(android.os.Bundle) -> onCreate
    46:52:void onResume() -> onResume
    57:60:void onPause() -> onPause
    64:65:void onStart() -> onStart
    69:70:void onStop() -> onStop
    74:75:void onDestroy() -> onDestroy
    90:90:int getPageType() -> e
    116:138:boolean onMenuItemSelected(int,android.view.MenuItem) -> onMenuItemSelected
    148:169:boolean onPrepareOptionsMenu(android.view.Menu) -> onPrepareOptionsMenu
    187:208:boolean onCreateOptionsMenu(android.view.Menu) -> onCreateOptionsMenu
...
org.acra.sender.HttpPostSender -> org.acra.b.e:
    android.net.Uri mFormUri -> a
    java.util.Map mMapping -> b
    101:117:void send(org.acra.collector.CrashReportData) -> a
    122:122:boolean isNull(java.lang.String) -> a
org.acra.sender.ReportSender -> org.acra.b.d:
    void send(org.acra.collector.CrashReportData) -> a
org.acra.sender.ReportSenderException -> org.acra.b.c:
org.acra.util.BoundedLinkedList -> org.acra.a.a:
    int maxSize -> a
    46:49:boolean add(java.lang.Object) -> add
    59:63:void add(int,java.lang.Object) -> add
    72:77:boolean addAll(java.util.Collection) -> addAll
    93:93:boolean addAll(int,java.util.Collection) -> addAll
    104:104:void addFirst(java.lang.Object) -> addFirst
    114:115:void addLast(java.lang.Object) -> addLast
    124:128:java.lang.String toString() -> toString
org.acra.util.ConfigurationInspector -> org.acra.a.e:
    android.util.SparseArray mHardKeyboardHiddenValues -> a
    android.util.SparseArray mKeyboardValues -> b
    android.util.SparseArray mKeyboardHiddenValues -> c
    android.util.SparseArray mNavigationValues -> d
    android.util.SparseArray mNavigationHiddenValues -> e
    android.util.SparseArray mOrientationValues -> f
    android.util.SparseArray mScreenLayoutValues -> g
    android.util.SparseArray mTouchScreenValues -> h
    android.util.SparseArray mUiModeValues -> i
    java.util.HashMap mValueArrays -> j
    121:140:java.lang.String toString(android.content.res.Configuration) -> a
    196:211:java.lang.String activeFlags(android.util.SparseArray,int) -> a
org.acra.util.FakeSocketFactory -> org.acra.a.b:
    javax.net.ssl.SSLContext sslcontext -> a
    27:31:javax.net.ssl.SSLContext createEasySSLContext() -> a
    36:39:javax.net.ssl.SSLContext getSSLContext() -> b
    45:63:java.net.Socket connectSocket(java.net.Socket,java.lang.String,int,java.net.InetAddress,int,org.apache.http.params.HttpParams) -> connectSocket
    68:68:java.net.Socket createSocket() -> createSocket
    73:73:boolean isSecure(java.net.Socket) -> isSecure
    78:78:java.net.Socket createSocket(java.net.Socket,java.lang.String,int,boolean) -> createSocket
org.acra.util.HttpRequest -> org.acra.a.h:
    org.acra.log.ACRALog log -> a
    java.lang.String login -> b
    java.lang.String password -> c
    int connectionTimeOut -> d
    int socketTimeOut -> e
    int maxNrRetries -> f
    99:100:void setLogin(java.lang.String) -> a
    103:104:void setPassword(java.lang.String) -> b
    107:108:void setConnectionTimeOut(int) -> a
    111:112:void setSocketTimeOut(int) -> b
    120:121:void setMaxNrRetries(int) -> c
    132:162:void sendPost(java.net.URL,java.util.Map) -> a
    226:238:java.lang.String getParamsAsString(java.util.Map) -> a
    43:43:org.acra.log.ACRALog access$0() -> a
org.acra.util.HttpRequest$SocketTimeOutRetryHandler -> org.acra.a.d:
    org.apache.http.params.HttpParams httpParams -> a
    int maxNrRetries -> b
    61:78:boolean retryRequest(java.io.IOException,int,org.apache.http.protocol.HttpContext) -> retryRequest
org.acra.util.Installation -> org.acra.a.g:
    java.lang.String sID -> a
    35:50:java.lang.String id(android.content.Context) -> a
    54:61:java.lang.String readInstallationFile(java.io.File) -> a
org.acra.util.NaiveTrustManager -> org.acra.a.c:
    34:34:java.security.cert.X509Certificate[] getAcceptedIssuers() -> getAcceptedIssuers
    47:47:void checkClientTrusted(java.security.cert.X509Certificate[],java.lang.String) -> checkClientTrusted
    59:59:void checkServerTrusted(java.security.cert.X509Certificate[],java.lang.String) -> checkServerTrusted
org.acra.util.PackageManagerWrapper -> org.acra.a.j:
    android.content.Context context -> a
    39:49:boolean hasPermission(java.lang.String) -> a
    57:70:android.content.pm.PackageInfo getPackageInfo() -> a