androidapp/proguard/usage.txt
com.fanfou.app.AboutPage:
    public static final java.lang.String COPYRIGHT
    public static final java.lang.String REGISTERED
com.fanfou.app.App:
    public static final boolean DEBUG
    public static final int CORE_POOL_SIZE
    public static final int SOCKET_BUFFER_SIZE
    public static final int CONNECTION_TIMEOUT_MS
    public static final int SOCKET_TIMEOUT_MS
com.fanfou.app.BaseActivity:
    public static final int STATE_INIT
    public static final int STATE_NORMAL
    public static final int STATE_EMPTY
    protected static final int PAGE_NORMAL
    protected static final int PAGE_HOME
    protected static final int PAGE_LOGIN
    protected static final int PAGE_STATUS
    protected static final int PAGE_USER
    protected static final int PAGE_TIMELINE
    protected static final int PAGE_FRIENDS
    protected static final int PAGE_FOLLOWERS
    protected static final int MENU_ID_OPTION
    protected static final int MENU_ID_PROFILE
    protected static final int MENU_ID_SEARCH
    protected static final int MENU_ID_EXIT
    protected static final int MENU_ID_ABOUT
    protected static final int MENU_ID_FEEDBACK
    protected static final int MENU_ID_HOME
    78:78:protected boolean isActive()
    94:94:protected boolean isRootScreen()
    98:102:protected boolean noConnection()
com.fanfou.app.HomePage:
    private static final int PAGE_COUNT_MAX
    public static final java.lang.String TAG
    81:82:private void log(java.lang.String)
    347:347:protected boolean isRootScreen()
    387:394:private boolean doBackPress()
com.fanfou.app.LoginPage:
    private static final java.lang.String USERNAME
    private static final java.lang.String PASSWORD
com.fanfou.app.LoginPage$LoginTask:
    static final int LOGIN_IO_ERROR
    static final int LOGIN_AUTH_FAILED
    static final int LOGIN_NEW_AUTH_SUCCESS
    static final int LOGIN_RE_AUTH_SUCCESS
com.fanfou.app.MainTest
com.fanfou.app.OptionsPage:
    public static final java.lang.String TAG
com.fanfou.app.ProfilePage:
    420:421:private void log(java.lang.String)
com.fanfou.app.R$anim
com.fanfou.app.R$array
com.fanfou.app.R$attr
com.fanfou.app.R$color
com.fanfou.app.R$dimen
com.fanfou.app.R$drawable
com.fanfou.app.R$id
com.fanfou.app.R$integer
com.fanfou.app.R$layout
com.fanfou.app.R$plurals
com.fanfou.app.R$string
com.fanfou.app.R$style
com.fanfou.app.R$styleable:
    public static final int CircleFlowIndicator_centered
    public static final int CircleFlowIndicator_fillColor
    public static final int CircleFlowIndicator_radius
    public static final int CircleFlowIndicator_strokeColor
    public static final int TitleFlowIndicator_clipPadding
    public static final int TitleFlowIndicator_footerColor
    public static final int TitleFlowIndicator_footerLineHeight
    public static final int TitleFlowIndicator_footerTriangleHeight
    public static final int TitleFlowIndicator_selectedBold
    public static final int TitleFlowIndicator_selectedColor
    public static final int TitleFlowIndicator_selectedSize
    public static final int TitleFlowIndicator_textColor
    public static final int TitleFlowIndicator_textSize
    public static final int TitleFlowIndicator_titlePadding
    public static final int ViewFlow_sidebuffer
com.fanfou.app.R$xml
com.fanfou.app.SendPage:
    public static final int TYPE_NORMAL
    public static final int TYPE_REPLY
    private int type
    45:45:static java.lang.String access$6(com.fanfou.app.SendPage)
    49:49:static com.fanfou.app.api.DirectMessage access$7(com.fanfou.app.SendPage)
    235:235:static android.os.Handler access$8(com.fanfou.app.SendPage)
com.fanfou.app.SendPage$SendMessageTask
com.fanfou.app.StatusPage:
    52:53:private void log(java.lang.String)
com.fanfou.app.TimelinePage:
    56:57:private void log(java.lang.String)
...
net.londatiga.android.ActionItem:
    private android.graphics.Bitmap thumb
    private boolean selected
    28:30:public ActionItem(android.graphics.drawable.Drawable)
    38:39:public void setTitle(java.lang.String)
    73:74:public void setSelected(boolean)
    82:82:public boolean isSelected()
    91:92:public void setThumb(android.graphics.Bitmap)
    100:100:public android.graphics.Bitmap getThumb()
net.londatiga.android.PopupWindows:
    58:58:protected void onDismiss()
    95:96:public void setBackgroundDrawable(android.graphics.drawable.Drawable)
    99:100:public void setBackgroundResource(int)
    104:105:public void setBackgroundColor(int)
    124:127:public void setContentView(int)
    135:136:public void setOnDismissListener(android.widget.PopupWindow$OnDismissListener)
net.londatiga.android.QuickAction:
    protected static final int ANIM_GROW_FROM_LEFT
    protected static final int ANIM_GROW_FROM_RIGHT
    protected static final int ANIM_GROW_FROM_CENTER
    protected static final int ANIM_REFLECT
    protected static final int ANIM_AUTO
    81:82:public void setAnimStyle(int)
net.londatiga.android.R
net.londatiga.android.R$anim
net.londatiga.android.R$array
net.londatiga.android.R$attr
net.londatiga.android.R$color
net.londatiga.android.R$dimen
net.londatiga.android.R$drawable
net.londatiga.android.R$id
net.londatiga.android.R$integer
net.londatiga.android.R$layout
net.londatiga.android.R$plurals
net.londatiga.android.R$string
net.londatiga.android.R$style
net.londatiga.android.R$styleable
net.londatiga.android.R$xml
org.acra.ACRAConfigurationException:
    private static final long serialVersionUID
org.acra.ACRAConstants:
    public static final java.lang.String REPORTFILE_EXTENSION
    static final java.lang.String APPROVED_SUFFIX
    static final int MAX_SEND_REPORTS
    static final java.lang.String EXTRA_REPORT_FILE_NAME
    static final int NOTIF_CRASH_ID
org.acra.CrashReportPersister:
    private static final int NONE
    private static final int SLASH
    private static final int UNICODE
    private static final int CONTINUE
    private static final int KEY_DONE
    private static final int IGNORE
    private static final java.lang.String LINE_SEPARATOR
org.acra.ErrorReporter:
    130:130:public static org.acra.ErrorReporter getInstance()
    174:174:public java.lang.String removeCustomData(java.lang.String)
    186:186:public java.lang.String getCustomData(java.lang.String)
    204:205:public void removeReportSender(org.acra.sender.ReportSender)
    213:220:public void removeReportSenders(java.lang.Class)
    227:228:public void removeAllReportSenders()
    236:238:public void setReportSender(org.acra.sender.ReportSender)
    311:316:public java.lang.Thread handleSilentException(java.lang.Throwable)
org.acra.collector.CrashReportData:
    private static final long serialVersionUID
org.acra.collector.CrashReportDataFactory:
    95:95:public java.lang.String removeCustomData(java.lang.String)
    105:105:public java.lang.String getCustomData(java.lang.String)
org.acra.collector.DropBoxCollector:
    private static final java.lang.String NO_RESULT
org.acra.collector.LogCatCollector:
    private static final int DEFAULT_TAIL_COUNT